<?xml version="1.0" encoding="UTF-8"?>
<testsuites>
  <testsuite name="Webservice001Test" file="C:\xampp\htdocs\joomla-cms\tests\system\suite\com_webservices\Webservice001Test.php" tests="2" assertions="47" failures="0" errors="0" time="92.342031">
    <testcase name="testwebServiceComponent" class="Webservice001Test" file="C:\xampp\htdocs\joomla-cms\tests\system\suite\com_webservices\Webservice001Test.php" line="20" assertions="9" time="22.211449"/>
    <testcase name="testAddWebservice" class="Webservice001Test" file="C:\xampp\htdocs\joomla-cms\tests\system\suite\com_webservices\Webservice001Test.php" line="39" assertions="38" time="70.130582"/>
  </testsuite>
</testsuites>
